<?xml version="1.0" encoding="UTF-8" ?>
<testsuite failures="0" time="0" errors="0" skipped="0" tests="6" name="dius.bowling.BowlingGameTest">
  <properties>
[...]
</properties>
  <testcase time="0" classname="dius.bowling.BowlingGameTest" name="testPerfectGame"/>
  <testcase time="0" classname="dius.bowling.BowlingGameTest" name="testBadgame"/>
  <testcase time="0" classname="dius.bowling.BowlingGameTest" name="testNormal"/>
  <testcase time="0" classname="dius.bowling.BowlingGameTest" name="testSplit"/>
  <testcase time="0" classname="dius.bowling.BowlingGameTest" name="testStrike"/>
  <testcase time="0" classname="dius.bowling.BowlingGameTest" name="testFinalRoundSplit"/>
</testsuite>